00:56:17.089 [main] INFO  testCases.TC003_LoginTestDD - ** Finished**
00:56:25.710 [main] INFO  testCases.TC003_LoginTestDD - **Start of test case for valid**
00:56:27.207 [main] INFO  testCases.TC003_LoginTestDD - logout
00:56:29.272 [main] INFO  testCases.TC003_LoginTestDD - Test case sucess for valid
00:56:29.272 [main] INFO  testCases.TC003_LoginTestDD - ** Finished**
00:56:37.293 [main] INFO  testCases.TC003_LoginTestDD - **Start of test case for valid**
00:56:38.784 [main] INFO  testCases.TC003_LoginTestDD - logout
00:56:40.741 [main] INFO  testCases.TC003_LoginTestDD - Test case sucess for valid
00:56:40.777 [main] INFO  testCases.TC003_LoginTestDD - ** Finished**
00:56:48.630 [main] INFO  testCases.TC003_LoginTestDD - test case sucess for invalid
00:56:48.631 [main] INFO  testCases.TC003_LoginTestDD - ** Finished**
00:56:55.269 [main] INFO  testCases.TC003_LoginTestDD - **Start of test case for valid**
00:56:56.699 [main] INFO  testCases.TC003_LoginTestDD - logout
00:56:58.558 [main] INFO  testCases.TC003_LoginTestDD - Test case sucess for valid
00:56:58.558 [main] INFO  testCases.TC003_LoginTestDD - ** Finished**
00:57:06.701 [main] INFO  testCases.TC003_LoginTestDD - **Start of test case for valid**
00:57:08.223 [main] INFO  testCases.TC003_LoginTestDD - logout
00:57:10.133 [main] INFO  testCases.TC003_LoginTestDD - Test case sucess for valid
00:57:10.133 [main] INFO  testCases.TC003_LoginTestDD - ** Finished**
00:57:18.057 [main] INFO  testCases.TC003_LoginTestDD - test case sucess for invalid
00:57:18.057 [main] INFO  testCases.TC003_LoginTestDD - ** Finished**
00:57:26.343 [main] INFO  testCases.TC003_LoginTestDD - test case sucess for invalid
00:57:26.343 [main] INFO  testCases.TC003_LoginTestDD - ** Finished**
00:57:34.282 [main] INFO  testCases.TC003_LoginTestDD - test case sucess for invalid
00:57:34.282 [main] INFO  testCases.TC003_LoginTestDD - ** Finished**
00:57:42.012 [main] INFO  testCases.TC003_LoginTestDD - test case sucess for invalid
00:57:42.012 [main] INFO  testCases.TC003_LoginTestDD - ** Finished**
00:57:49.767 [main] INFO  testCases.TC003_LoginTestDD - test case sucess for invalid
00:57:49.767 [main] INFO  testCases.TC003_LoginTestDD - ** Finished**
00:57:57.673 [main] INFO  testCases.TC003_LoginTestDD - test case sucess for invalid
00:57:57.673 [main] INFO  testCases.TC003_LoginTestDD - ** Finished**
00:58:05.555 [main] INFO  testCases.TC003_LoginTestDD - test case sucess for invalid
00:58:05.555 [main] INFO  testCases.TC003_LoginTestDD - ** Finished**
00:58:13.569 [main] INFO  testCases.TC003_LoginTestDD - test case sucess for invalid
00:58:13.569 [main] INFO  testCases.TC003_LoginTestDD - ** Finished**
00:58:21.067 [main] INFO  testCases.TC003_LoginTestDD - test case sucess for invalid
00:58:21.067 [main] INFO  testCases.TC003_LoginTestDD - ** Finished**
01:04:26.657 [main] INFO  testCases.TC002_RegisterPageTest - **Starting TC002_RegisterPageTest**
01:05:13.725 [main] INFO  testCases.TC002_RegisterPageTest - Account not created
01:05:13.976 [main] INFO  testCases.TC002_RegisterPageTest - **Starting TC002_RegisterPageTest**
01:09:47.859 [main] INFO  testCases.TC002_RegisterPageTest - **Starting TC002_RegisterPageTest**
01:10:29.378 [main] INFO  testCases.TC002_RegisterPageTest - Account not created
01:10:29.419 [main] INFO  testCases.TC002_RegisterPageTest - **Starting TC002_RegisterPageTest**
01:11:08.405 [main] INFO  testCases.TC002_RegisterPageTest - Account not created
01:15:45.641 [main] INFO  testCases.TC002_RegisterPageTest - **Starting TC002_RegisterPageTest**
01:16:27.465 [main] INFO  testCases.TC002_RegisterPageTest - Account not created
01:16:27.682 [main] INFO  testCases.TC002_RegisterPageTest - **Starting TC002_RegisterPageTest**
01:16:31.287 [main] INFO  testCases.TC002_RegisterPageTest - **Starting TC002_RegisterPageTest**
01:17:10.713 [main] INFO  testCases.TC002_RegisterPageTest - Account not created
01:37:42.519 [main] INFO  testCases.TC002_RegisterPageTest - **Starting TC002_RegisterPageTest**
01:38:31.215 [main] INFO  testCases.TC002_RegisterPageTest - Account not created
01:38:31.460 [main] INFO  testCases.TC002_RegisterPageTest - **Starting TC002_RegisterPageTest**
01:42:04.530 [main] INFO  testCases.TC002_RegisterPageTest - **Starting TC002_RegisterPageTest**
01:42:45.601 [main] INFO  testCases.TC002_RegisterPageTest - Account not created
01:42:45.639 [main] INFO  testCases.TC002_RegisterPageTest - **Starting TC002_RegisterPageTest**
01:43:25.608 [main] INFO  testCases.TC002_RegisterPageTest - Account not created
11:05:26.923 [main] INFO  testCases.TC002_RegisterPageTest - **Starting TC002_RegisterPageTest**
11:06:10.548 [main] INFO  testCases.TC002_RegisterPageTest - Account not created
11:06:10.585 [main] INFO  testCases.TC002_RegisterPageTest - **Starting TC002_RegisterPageTest**
11:07:00.929 [main] INFO  testCases.TC002_RegisterPageTest - Account created sucessfully
11:11:22.940 [main] INFO  testCases.TC002_RegisterPageTest - **Starting TC002_RegisterPageTest**
